[0723/124353.580:ERROR:process_memory_win.cc(73)] ReadMemory at 0x18c80cee600 of 72 bytes failed: Only part of a ReadProcessMemory or WriteProcessMemory request was completed. (0x12B)
[0723/124353.581:WARNING:pe_image_annotations_reader.cc(134)] could not read annotations list object in C:\Program Files (x86)\Google\Chrome\Application\84.0.4147.89\chrome_elf.dll
[0723/124353.581:ERROR:process_memory_win.cc(73)] ReadMemory at 0x18c80d272c0 of 72 bytes failed: Only part of a ReadProcessMemory or WriteProcessMemory request was completed. (0x12B)
[0723/124353.581:WARNING:pe_image_annotations_reader.cc(134)] could not read annotations list object in C:\Program Files (x86)\Google\Chrome\Application\84.0.4147.89\chrome.dll
[0723/124353.594:ERROR:process_memory_win.cc(73)] ReadMemory at 0x2fef1f2000 of 57344 bytes failed: Only part of a ReadProcessMemory or WriteProcessMemory request was completed. (0x12B)
[0723/124353.595:ERROR:process_memory_win.cc(73)] ReadMemory at 0x2fef9fd000 of 12288 bytes failed: Only part of a ReadProcessMemory or WriteProcessMemory request was completed. (0x12B)
[0723/124353.596:ERROR:process_memory_win.cc(73)] ReadMemory at 0x2ff01fa000 of 24576 bytes failed: Only part of a ReadProcessMemory or WriteProcessMemory request was completed. (0x12B)
[0723/124353.596:ERROR:process_memory_win.cc(73)] ReadMemory at 0x2ff09fc000 of 16384 bytes failed: Only part of a ReadProcessMemory or WriteProcessMemory request was completed. (0x12B)
[0723/124353.596:ERROR:process_memory_win.cc(73)] ReadMemory at 0x2ff11fb000 of 20480 bytes failed: Only part of a ReadProcessMemory or WriteProcessMemory request was completed. (0x12B)
[0723/124353.596:ERROR:process_memory_win.cc(73)] ReadMemory at 0x2ff19ff000 of 4096 bytes failed: Only part of a ReadProcessMemory or WriteProcessMemory request was completed. (0x12B)
[0723/124353.596:ERROR:process_memory_win.cc(73)] ReadMemory at 0x2ff21fd000 of 12288 bytes failed: Only part of a ReadProcessMemory or WriteProcessMemory request was completed. (0x12B)
[0723/124353.596:ERROR:process_memory_win.cc(73)] ReadMemory at 0x2ff29fb000 of 20480 bytes failed: Only part of a ReadProcessMemory or WriteProcessMemory request was completed. (0x12B)
[0723/124353.596:ERROR:process_memory_win.cc(73)] ReadMemory at 0x2ff31fd000 of 12288 bytes failed: Only part of a ReadProcessMemory or WriteProcessMemory request was completed. (0x12B)
[0723/124353.596:ERROR:process_memory_win.cc(73)] ReadMemory at 0x2ff39fd000 of 12288 bytes failed: Only part of a ReadProcessMemory or WriteProcessMemory request was completed. (0x12B)
[0723/124353.597:ERROR:process_memory_win.cc(73)] ReadMemory at 0x2ff41fd000 of 12288 bytes failed: Only part of a ReadProcessMemory or WriteProcessMemory request was completed. (0x12B)
[0723/124353.597:ERROR:process_memory_win.cc(73)] ReadMemory at 0x2ff49fd000 of 12288 bytes failed: Only part of a ReadProcessMemory or WriteProcessMemory request was completed. (0x12B)
[0723/124353.597:ERROR:process_memory_win.cc(73)] ReadMemory at 0x2ff51fd000 of 12288 bytes failed: Only part of a ReadProcessMemory or WriteProcessMemory request was completed. (0x12B)
[0723/124353.597:ERROR:process_memory_win.cc(73)] ReadMemory at 0x2ff59fd000 of 12288 bytes failed: Only part of a ReadProcessMemory or WriteProcessMemory request was completed. (0x12B)
[0723/124353.597:ERROR:process_memory_win.cc(73)] ReadMemory at 0x2ff61fd000 of 12288 bytes failed: Only part of a ReadProcessMemory or WriteProcessMemory request was completed. (0x12B)
[0723/124353.597:ERROR:process_memory_win.cc(73)] ReadMemory at 0x2fee9ae000 of 852 bytes failed: Only part of a ReadProcessMemory or WriteProcessMemory request was completed. (0x12B)
[0723/124353.597:ERROR:process_memory_win.cc(73)] ReadMemory at 0x2fee9af000 of 6024 bytes failed: Only part of a ReadProcessMemory or WriteProcessMemory request was completed. (0x12B)
[0723/124353.597:ERROR:process_memory_win.cc(73)] ReadMemory at 0x2fee9b1000 of 6024 bytes failed: Only part of a ReadProcessMemory or WriteProcessMemory request was completed. (0x12B)
[0723/124353.598:ERROR:process_memory_win.cc(73)] ReadMemory at 0x2fee9b3000 of 6024 bytes failed: Only part of a ReadProcessMemory or WriteProcessMemory request was completed. (0x12B)
[0723/124353.598:ERROR:process_memory_win.cc(73)] ReadMemory at 0x2fee9b5000 of 6024 bytes failed: Only part of a ReadProcessMemory or WriteProcessMemory request was completed. (0x12B)
[0723/124353.598:ERROR:process_memory_win.cc(73)] ReadMemory at 0x2fee9b7000 of 6024 bytes failed: Only part of a ReadProcessMemory or WriteProcessMemory request was completed. (0x12B)
[0723/124353.598:ERROR:process_memory_win.cc(73)] ReadMemory at 0x2fee9b9000 of 6024 bytes failed: Only part of a ReadProcessMemory or WriteProcessMemory request was completed. (0x12B)
[0723/124353.598:ERROR:process_memory_win.cc(73)] ReadMemory at 0x2fee9bb000 of 6024 bytes failed: Only part of a ReadProcessMemory or WriteProcessMemory request was completed. (0x12B)
[0723/124353.598:ERROR:process_memory_win.cc(73)] ReadMemory at 0x2fee9bd000 of 6024 bytes failed: Only part of a ReadProcessMemory or WriteProcessMemory request was completed. (0x12B)
[0723/124353.598:ERROR:process_memory_win.cc(73)] ReadMemory at 0x2fee9bf000 of 6024 bytes failed: Only part of a ReadProcessMemory or WriteProcessMemory request was completed. (0x12B)
[0723/124353.598:ERROR:process_memory_win.cc(73)] ReadMemory at 0x2fee9c1000 of 6024 bytes failed: Only part of a ReadProcessMemory or WriteProcessMemory request was completed. (0x12B)
[0723/124353.599:ERROR:process_memory_win.cc(73)] ReadMemory at 0x2fee9c3000 of 6024 bytes failed: Only part of a ReadProcessMemory or WriteProcessMemory request was completed. (0x12B)
[0723/124353.599:ERROR:process_memory_win.cc(73)] ReadMemory at 0x2fee9c5000 of 6024 bytes failed: Only part of a ReadProcessMemory or WriteProcessMemory request was completed. (0x12B)
[0723/124353.599:ERROR:process_memory_win.cc(73)] ReadMemory at 0x2fee9c7000 of 6024 bytes failed: Only part of a ReadProcessMemory or WriteProcessMemory request was completed. (0x12B)
[0723/124353.599:ERROR:process_memory_win.cc(73)] ReadMemory at 0x2fee9c9000 of 6024 bytes failed: Only part of a ReadProcessMemory or WriteProcessMemory request was completed. (0x12B)
[0723/124353.599:ERROR:process_memory_win.cc(73)] ReadMemory at 0x2fee9cb000 of 6024 bytes failed: Only part of a ReadProcessMemory or WriteProcessMemory request was completed. (0x12B)
[0723/124353.599:ERROR:process_memory_win.cc(73)] ReadMemory at 0x18c80c90c40 of 512 bytes failed: Only part of a ReadProcessMemory or WriteProcessMemory request was completed. (0x12B)
[0723/124353.599:ERROR:process_memory_win.cc(73)] ReadMemory at 0x18c80ce0000 of 384 bytes failed: Only part of a ReadProcessMemory or WriteProcessMemory request was completed. (0x12B)
[0723/124353.599:ERROR:process_memory_win.cc(73)] ReadMemory at 0x18c80ce0fe0 of 5212 bytes failed: Only part of a ReadProcessMemory or WriteProcessMemory request was completed. (0x12B)
[0723/124353.600:ERROR:process_memory_win.cc(73)] ReadMemory at 0x18c80ce2450 of 1012 bytes failed: Only part of a ReadProcessMemory or WriteProcessMemory request was completed. (0x12B)
[0723/124353.600:ERROR:process_memory_win.cc(73)] ReadMemory at 0x18c80ce2a98 of 118 bytes failed: Only part of a ReadProcessMemory or WriteProcessMemory request was completed. (0x12B)
[0723/124353.600:ERROR:process_memory_win.cc(73)] ReadMemory at 0x18c80ce2b10 of 1190 bytes failed: Only part of a ReadProcessMemory or WriteProcessMemory request was completed. (0x12B)
[0723/124353.600:ERROR:process_memory_win.cc(73)] ReadMemory at 0x18c80ce2fb8 of 118 bytes failed: Only part of a ReadProcessMemory or WriteProcessMemory request was completed. (0x12B)
[0723/124353.600:ERROR:process_memory_win.cc(73)] ReadMemory at 0x18c80ce3030 of 96 bytes failed: Only part of a ReadProcessMemory or WriteProcessMemory request was completed. (0x12B)
[0723/124353.600:ERROR:process_memory_win.cc(73)] ReadMemory at 0x18c80ce30a0 of 58 bytes failed: Only part of a ReadProcessMemory or WriteProcessMemory request was completed. (0x12B)
[0723/124353.600:ERROR:process_memory_win.cc(73)] ReadMemory at 0x18c80ce31a0 of 132 bytes failed: Only part of a ReadProcessMemory or WriteProcessMemory request was completed. (0x12B)
[0723/124353.600:ERROR:process_memory_win.cc(73)] ReadMemory at 0x18c80ce3330 of 132 bytes failed: Only part of a ReadProcessMemory or WriteProcessMemory request was completed. (0x12B)
[0723/124353.601:ERROR:process_memory_win.cc(73)] ReadMemory at 0x18c80ce34f0 of 124 bytes failed: Only part of a ReadProcessMemory or WriteProcessMemory request was completed. (0x12B)
[0723/124353.601:ERROR:process_memory_win.cc(73)] ReadMemory at 0x18c80ce38d0 of 132 bytes failed: Only part of a ReadProcessMemory or WriteProcessMemory request was completed. (0x12B)
[0723/124353.601:ERROR:process_memory_win.cc(73)] ReadMemory at 0x18c80ce3a60 of 64 bytes failed: Only part of a ReadProcessMemory or WriteProcessMemory request was completed. (0x12B)
[0723/124353.601:ERROR:process_memory_win.cc(73)] ReadMemory at 0x18c80ce3c20 of 132 bytes failed: Only part of a ReadProcessMemory or WriteProcessMemory request was completed. (0x12B)
[0723/124353.601:ERROR:process_memory_win.cc(73)] ReadMemory at 0x18c80ce3ec0 of 132 bytes failed: Only part of a ReadProcessMemory or WriteProcessMemory request was completed. (0x12B)
[0723/124353.601:ERROR:process_memory_win.cc(73)] ReadMemory at 0x18c80ce4050 of 68 bytes failed: Only part of a ReadProcessMemory or WriteProcessMemory request was completed. (0x12B)
[0723/124353.601:ERROR:process_memory_win.cc(73)] ReadMemory at 0x18c80ce51f0 of 132 bytes failed: Only part of a ReadProcessMemory or WriteProcessMemory request was completed. (0x12B)
[0723/124353.601:ERROR:process_memory_win.cc(73)] ReadMemory at 0x18c80ce5380 of 152 bytes failed: Only part of a ReadProcessMemory or WriteProcessMemory request was completed. (0x12B)
[0723/124353.601:ERROR:process_memory_win.cc(73)] ReadMemory at 0x18c80ce6260 of 132 bytes failed: Only part of a ReadProcessMemory or WriteProcessMemory request was completed. (0x12B)
[0723/124353.602:ERROR:process_memory_win.cc(73)] ReadMemory at 0x18c80ce63f0 of 60 bytes failed: Only part of a ReadProcessMemory or WriteProcessMemory request was completed. (0x12B)
[0723/124353.602:ERROR:process_memory_win.cc(73)] ReadMemory at 0x18c80ce6f40 of 62 bytes failed: Only part of a ReadProcessMemory or WriteProcessMemory request was completed. (0x12B)
[0723/124353.602:ERROR:process_memory_win.cc(73)] ReadMemory at 0x18c80ceefb0 of 54 bytes failed: Only part of a ReadProcessMemory or WriteProcessMemory request was completed. (0x12B)
[0723/124353.602:ERROR:process_memory_win.cc(73)] ReadMemory at 0x18c80cf1cf0 of 80 bytes failed: Only part of a ReadProcessMemory or WriteProcessMemory request was completed. (0x12B)
[0723/124353.602:ERROR:process_memory_win.cc(73)] ReadMemory at 0x18c80cf3670 of 132 bytes failed: Only part of a ReadProcessMemory or WriteProcessMemory request was completed. (0x12B)
[0723/124353.602:ERROR:process_memory_win.cc(73)] ReadMemory at 0x18c80cf5170 of 132 bytes failed: Only part of a ReadProcessMemory or WriteProcessMemory request was completed. (0x12B)
[0723/124353.602:ERROR:process_memory_win.cc(73)] ReadMemory at 0x18c80cf62b0 of 132 bytes failed: Only part of a ReadProcessMemory or WriteProcessMemory request was completed. (0x12B)
[0723/124353.602:ERROR:process_memory_win.cc(73)] ReadMemory at 0x18c80cf63e0 of 132 bytes failed: Only part of a ReadProcessMemory or WriteProcessMemory request was completed. (0x12B)
[0723/124353.602:ERROR:process_memory_win.cc(73)] ReadMemory at 0x18c80cf6640 of 132 bytes failed: Only part of a ReadProcessMemory or WriteProcessMemory request was completed. (0x12B)
[0723/124353.602:ERROR:process_memory_win.cc(73)] ReadMemory at 0x18c80cf68a0 of 132 bytes failed: Only part of a ReadProcessMemory or WriteProcessMemory request was completed. (0x12B)
[0723/124353.603:ERROR:process_memory_win.cc(73)] ReadMemory at 0x18c80cf69d0 of 132 bytes failed: Only part of a ReadProcessMemory or WriteProcessMemory request was completed. (0x12B)
[0723/124353.603:ERROR:process_memory_win.cc(73)] ReadMemory at 0x18c80cf6b00 of 132 bytes failed: Only part of a ReadProcessMemory or WriteProcessMemory request was completed. (0x12B)
[0723/124353.603:ERROR:process_memory_win.cc(73)] ReadMemory at 0x18c80cf6c30 of 132 bytes failed: Only part of a ReadProcessMemory or WriteProcessMemory request was completed. (0x12B)
[0723/124353.603:ERROR:process_memory_win.cc(73)] ReadMemory at 0x18c80cf6d60 of 132 bytes failed: Only part of a ReadProcessMemory or WriteProcessMemory request was completed. (0x12B)
[0723/124353.603:ERROR:process_memory_win.cc(73)] ReadMemory at 0x18c80cf6e90 of 132 bytes failed: Only part of a ReadProcessMemory or WriteProcessMemory request was completed. (0x12B)
[0723/124353.603:ERROR:process_memory_win.cc(73)] ReadMemory at 0x18c80cf6fc0 of 132 bytes failed: Only part of a ReadProcessMemory or WriteProcessMemory request was completed. (0x12B)
[0723/124353.603:ERROR:process_memory_win.cc(73)] ReadMemory at 0x18c80cf70f0 of 132 bytes failed: Only part of a ReadProcessMemory or WriteProcessMemory request was completed. (0x12B)
[0723/124353.603:ERROR:process_memory_win.cc(73)] ReadMemory at 0x18c80cf7220 of 132 bytes failed: Only part of a ReadProcessMemory or WriteProcessMemory request was completed. (0x12B)
[0723/124353.603:ERROR:process_memory_win.cc(73)] ReadMemory at 0x18c80cf7350 of 132 bytes failed: Only part of a ReadProcessMemory or WriteProcessMemory request was completed. (0x12B)
[0723/124353.604:ERROR:process_memory_win.cc(73)] ReadMemory at 0x18c80cf7480 of 132 bytes failed: Only part of a ReadProcessMemory or WriteProcessMemory request was completed. (0x12B)
[0723/124353.604:ERROR:process_memory_win.cc(73)] ReadMemory at 0x18c80cf8890 of 132 bytes failed: Only part of a ReadProcessMemory or WriteProcessMemory request was completed. (0x12B)
[0723/124353.604:ERROR:process_memory_win.cc(73)] ReadMemory at 0x18c80cf89c0 of 132 bytes failed: Only part of a ReadProcessMemory or WriteProcessMemory request was completed. (0x12B)
[0723/124353.604:ERROR:process_memory_win.cc(73)] ReadMemory at 0x18c80cf8ee0 of 132 bytes failed: Only part of a ReadProcessMemory or WriteProcessMemory request was completed. (0x12B)
[0723/124353.604:ERROR:process_memory_win.cc(73)] ReadMemory at 0x18c80cf9010 of 132 bytes failed: Only part of a ReadProcessMemory or WriteProcessMemory request was completed. (0x12B)
[0723/124353.604:ERROR:process_memory_win.cc(73)] ReadMemory at 0x18c80cfa040 of 64 bytes failed: Only part of a ReadProcessMemory or WriteProcessMemory request was completed. (0x12B)
[0723/124353.604:ERROR:process_memory_win.cc(73)] ReadMemory at 0x18c80cfa130 of 62 bytes failed: Only part of a ReadProcessMemory or WriteProcessMemory request was completed. (0x12B)
[0723/124353.604:ERROR:process_memory_win.cc(73)] ReadMemory at 0x18c80cfa180 of 64 bytes failed: Only part of a ReadProcessMemory or WriteProcessMemory request was completed. (0x12B)
[0723/124353.604:ERROR:process_memory_win.cc(73)] ReadMemory at 0x18c80cfa1d0 of 64 bytes failed: Only part of a ReadProcessMemory or WriteProcessMemory request was completed. (0x12B)
[0723/124353.604:ERROR:process_memory_win.cc(73)] ReadMemory at 0x18c80cfa270 of 64 bytes failed: Only part of a ReadProcessMemory or WriteProcessMemory request was completed. (0x12B)
[0723/124353.604:ERROR:process_memory_win.cc(73)] ReadMemory at 0x18c80cfa3b0 of 62 bytes failed: Only part of a ReadProcessMemory or WriteProcessMemory request was completed. (0x12B)
[0723/124353.605:ERROR:process_memory_win.cc(73)] ReadMemory at 0x18c80cfa400 of 60 bytes failed: Only part of a ReadProcessMemory or WriteProcessMemory request was completed. (0x12B)
[0723/124353.605:ERROR:process_memory_win.cc(73)] ReadMemory at 0x18c80cfa450 of 66 bytes failed: Only part of a ReadProcessMemory or WriteProcessMemory request was completed. (0x12B)
[0723/124353.605:ERROR:process_memory_win.cc(73)] ReadMemory at 0x18c80cfa4f0 of 62 bytes failed: Only part of a ReadProcessMemory or WriteProcessMemory request was completed. (0x12B)
[0723/124353.605:ERROR:process_memory_win.cc(73)] ReadMemory at 0x18c80cfa540 of 60 bytes failed: Only part of a ReadProcessMemory or WriteProcessMemory request was completed. (0x12B)
[0723/124353.605:ERROR:process_memory_win.cc(73)] ReadMemory at 0x18c80cfa5e0 of 62 bytes failed: Only part of a ReadProcessMemory or WriteProcessMemory request was completed. (0x12B)
[0723/124353.605:ERROR:process_memory_win.cc(73)] ReadMemory at 0x18c80cfa630 of 58 bytes failed: Only part of a ReadProcessMemory or WriteProcessMemory request was completed. (0x12B)
[0723/124353.605:ERROR:process_memory_win.cc(73)] ReadMemory at 0x18c80cfa6d0 of 66 bytes failed: Only part of a ReadProcessMemory or WriteProcessMemory request was completed. (0x12B)
[0723/124353.605:ERROR:process_memory_win.cc(73)] ReadMemory at 0x18c80cfa770 of 64 bytes failed: Only part of a ReadProcessMemory or WriteProcessMemory request was completed. (0x12B)
[0723/124353.605:ERROR:process_memory_win.cc(73)] ReadMemory at 0x18c80cfa8b0 of 60 bytes failed: Only part of a ReadProcessMemory or WriteProcessMemory request was completed. (0x12B)
[0723/124353.606:ERROR:process_memory_win.cc(73)] ReadMemory at 0x18c80cfa900 of 64 bytes failed: Only part of a ReadProcessMemory or WriteProcessMemory request was completed. (0x12B)
[0723/124353.606:ERROR:process_memory_win.cc(73)] ReadMemory at 0x18c80cfa9a0 of 62 bytes failed: Only part of a ReadProcessMemory or WriteProcessMemory request was completed. (0x12B)
[0723/124353.606:ERROR:process_memory_win.cc(73)] ReadMemory at 0x18c80cfa9f0 of 62 bytes failed: Only part of a ReadProcessMemory or WriteProcessMemory request was completed. (0x12B)
[0723/124353.606:ERROR:process_memory_win.cc(73)] ReadMemory at 0x18c80cfaa40 of 62 bytes failed: Only part of a ReadProcessMemory or WriteProcessMemory request was completed. (0x12B)
[0723/124353.606:ERROR:process_memory_win.cc(73)] ReadMemory at 0x18c80cfabd0 of 60 bytes failed: Only part of a ReadProcessMemory or WriteProcessMemory request was completed. (0x12B)
[0723/124353.606:ERROR:process_memory_win.cc(73)] ReadMemory at 0x18c80cfac70 of 62 bytes failed: Only part of a ReadProcessMemory or WriteProcessMemory request was completed. (0x12B)
[0723/124353.606:ERROR:process_memory_win.cc(73)] ReadMemory at 0x18c80cfad60 of 62 bytes failed: Only part of a ReadProcessMemory or WriteProcessMemory request was completed. (0x12B)
[0723/124353.606:ERROR:process_memory_win.cc(73)] ReadMemory at 0x18c80cfadb0 of 60 bytes failed: Only part of a ReadProcessMemory or WriteProcessMemory request was completed. (0x12B)
[0723/124353.606:ERROR:process_memory_win.cc(73)] ReadMemory at 0x18c80cfae00 of 62 bytes failed: Only part of a ReadProcessMemory or WriteProcessMemory request was completed. (0x12B)
[0723/124353.607:ERROR:process_memory_win.cc(73)] ReadMemory at 0x18c80cfae50 of 60 bytes failed: Only part of a ReadProcessMemory or WriteProcessMemory request was completed. (0x12B)
[0723/124353.607:ERROR:process_memory_win.cc(73)] ReadMemory at 0x18c80cfaea0 of 64 bytes failed: Only part of a ReadProcessMemory or WriteProcessMemory request was completed. (0x12B)
[0723/124353.607:ERROR:process_memory_win.cc(73)] ReadMemory at 0x18c80cfaef0 of 64 bytes failed: Only part of a ReadProcessMemory or WriteProcessMemory request was completed. (0x12B)
[0723/124353.607:ERROR:process_memory_win.cc(73)] ReadMemory at 0x18c80cfd070 of 132 bytes failed: Only part of a ReadProcessMemory or WriteProcessMemory request was completed. (0x12B)
[0723/124353.607:ERROR:process_memory_win.cc(73)] ReadMemory at 0x18c80cfd290 of 132 bytes failed: Only part of a ReadProcessMemory or WriteProcessMemory request was completed. (0x12B)
[0723/124353.607:ERROR:process_memory_win.cc(73)] ReadMemory at 0x18c80cff840 of 144 bytes failed: Only part of a ReadProcessMemory or WriteProcessMemory request was completed. (0x12B)
[0723/124353.607:ERROR:process_memory_win.cc(73)] ReadMemory at 0x18c80d02020 of 132 bytes failed: Only part of a ReadProcessMemory or WriteProcessMemory request was completed. (0x12B)
[0723/124353.607:ERROR:process_memory_win.cc(73)] ReadMemory at 0x18c80d02150 of 132 bytes failed: Only part of a ReadProcessMemory or WriteProcessMemory request was completed. (0x12B)
[0723/124353.607:ERROR:process_memory_win.cc(73)] ReadMemory at 0x18c80d02280 of 132 bytes failed: Only part of a ReadProcessMemory or WriteProcessMemory request was completed. (0x12B)
[0723/124353.608:ERROR:process_memory_win.cc(73)] ReadMemory at 0x18c80d023b0 of 132 bytes failed: Only part of a ReadProcessMemory or WriteProcessMemory request was completed. (0x12B)
[0723/124353.608:ERROR:process_memory_win.cc(73)] ReadMemory at 0x18c80d024e0 of 132 bytes failed: Only part of a ReadProcessMemory or WriteProcessMemory request was completed. (0x12B)
[0723/124353.608:ERROR:process_memory_win.cc(73)] ReadMemory at 0x18c80d02610 of 132 bytes failed: Only part of a ReadProcessMemory or WriteProcessMemory request was completed. (0x12B)
[0723/124353.608:ERROR:process_memory_win.cc(73)] ReadMemory at 0x18c80d02740 of 132 bytes failed: Only part of a ReadProcessMemory or WriteProcessMemory request was completed. (0x12B)
[0723/124353.608:ERROR:process_memory_win.cc(73)] ReadMemory at 0x18c80d029a0 of 132 bytes failed: Only part of a ReadProcessMemory or WriteProcessMemory request was completed. (0x12B)
[0723/124353.608:ERROR:process_memory_win.cc(73)] ReadMemory at 0x18c80d02c00 of 132 bytes failed: Only part of a ReadProcessMemory or WriteProcessMemory request was completed. (0x12B)
[0723/124353.608:ERROR:process_memory_win.cc(73)] ReadMemory at 0x18c80d02d30 of 132 bytes failed: Only part of a ReadProcessMemory or WriteProcessMemory request was completed. (0x12B)
[0723/124353.608:ERROR:process_memory_win.cc(73)] ReadMemory at 0x18c80d02e60 of 132 bytes failed: Only part of a ReadProcessMemory or WriteProcessMemory request was completed. (0x12B)
[0723/124353.608:ERROR:process_memory_win.cc(73)] ReadMemory at 0x18c80d031f0 of 132 bytes failed: Only part of a ReadProcessMemory or WriteProcessMemory request was completed. (0x12B)
[0723/124353.608:ERROR:process_memory_win.cc(73)] ReadMemory at 0x18c80d03320 of 132 bytes failed: Only part of a ReadProcessMemory or WriteProcessMemory request was completed. (0x12B)
[0723/124353.609:ERROR:process_memory_win.cc(73)] ReadMemory at 0x18c80d03450 of 132 bytes failed: Only part of a ReadProcessMemory or WriteProcessMemory request was completed. (0x12B)
[0723/124353.609:ERROR:process_memory_win.cc(73)] ReadMemory at 0x18c80d036b0 of 132 bytes failed: Only part of a ReadProcessMemory or WriteProcessMemory request was completed. (0x12B)
[0723/124353.609:ERROR:process_memory_win.cc(73)] ReadMemory at 0x18c80d037e0 of 132 bytes failed: Only part of a ReadProcessMemory or WriteProcessMemory request was completed. (0x12B)
[0723/124353.609:ERROR:process_memory_win.cc(73)] ReadMemory at 0x18c80d03910 of 132 bytes failed: Only part of a ReadProcessMemory or WriteProcessMemory request was completed. (0x12B)
[0723/124353.609:ERROR:process_memory_win.cc(73)] ReadMemory at 0x18c80d03a40 of 132 bytes failed: Only part of a ReadProcessMemory or WriteProcessMemory request was completed. (0x12B)
[0723/124353.609:ERROR:process_memory_win.cc(73)] ReadMemory at 0x18c80d03b70 of 132 bytes failed: Only part of a ReadProcessMemory or WriteProcessMemory request was completed. (0x12B)
[0723/124353.609:ERROR:process_memory_win.cc(73)] ReadMemory at 0x18c80d03ca0 of 132 bytes failed: Only part of a ReadProcessMemory or WriteProcessMemory request was completed. (0x12B)
[0723/124353.609:ERROR:process_memory_win.cc(73)] ReadMemory at 0x18c80d03dd0 of 132 bytes failed: Only part of a ReadProcessMemory or WriteProcessMemory request was completed. (0x12B)
[0723/124353.609:ERROR:process_memory_win.cc(73)] ReadMemory at 0x18c80d05b20 of 80 bytes failed: Only part of a ReadProcessMemory or WriteProcessMemory request was completed. (0x12B)
[0723/124353.610:ERROR:process_memory_win.cc(73)] ReadMemory at 0x18c80d05e20 of 78 bytes failed: Only part of a ReadProcessMemory or WriteProcessMemory request was completed. (0x12B)
[0723/124353.610:ERROR:process_memory_win.cc(73)] ReadMemory at 0x18c80d05fa0 of 76 bytes failed: Only part of a ReadProcessMemory or WriteProcessMemory request was completed. (0x12B)
[0723/124353.610:ERROR:process_memory_win.cc(73)] ReadMemory at 0x18c80d26af0 of 58 bytes failed: Only part of a ReadProcessMemory or WriteProcessMemory request was completed. (0x12B)
[0723/124353.610:ERROR:process_memory_win.cc(73)] ReadMemory at 0x18c80d26b40 of 60 bytes failed: Only part of a ReadProcessMemory or WriteProcessMemory request was completed. (0x12B)
[0723/124353.610:ERROR:process_memory_win.cc(73)] ReadMemory at 0x18c80d26f00 of 58 bytes failed: Only part of a ReadProcessMemory or WriteProcessMemory request was completed. (0x12B)
[0723/124353.610:ERROR:process_memory_win.cc(73)] ReadMemory at 0x18c80d26ff0 of 62 bytes failed: Only part of a ReadProcessMemory or WriteProcessMemory request was completed. (0x12B)
[0723/124353.610:ERROR:process_memory_win.cc(73)] ReadMemory at 0x18c80d270e0 of 64 bytes failed: Only part of a ReadProcessMemory or WriteProcessMemory request was completed. (0x12B)
[0723/124353.610:ERROR:process_memory_win.cc(73)] ReadMemory at 0x18c80d27400 of 62 bytes failed: Only part of a ReadProcessMemory or WriteProcessMemory request was completed. (0x12B)
[0723/124353.610:ERROR:process_memory_win.cc(73)] ReadMemory at 0x18c80d27450 of 60 bytes failed: Only part of a ReadProcessMemory or WriteProcessMemory request was completed. (0x12B)
[0723/124353.610:ERROR:process_memory_win.cc(73)] ReadMemory at 0x18c80d274f0 of 66 bytes failed: Only part of a ReadProcessMemory or WriteProcessMemory request was completed. (0x12B)
[0723/124353.611:ERROR:process_memory_win.cc(73)] ReadMemory at 0x18c80d27540 of 62 bytes failed: Only part of a ReadProcessMemory or WriteProcessMemory request was completed. (0x12B)
[0723/124353.611:ERROR:process_memory_win.cc(73)] ReadMemory at 0x18c80d27720 of 58 bytes failed: Only part of a ReadProcessMemory or WriteProcessMemory request was completed. (0x12B)
[0723/124353.611:ERROR:process_memory_win.cc(73)] ReadMemory at 0x18c80d30d60 of 512 bytes failed: Only part of a ReadProcessMemory or WriteProcessMemory request was completed. (0x12B)
[0723/124353.611:ERROR:process_memory_win.cc(73)] ReadMemory at 0x18c80d75510 of 712 bytes failed: Only part of a ReadProcessMemory or WriteProcessMemory request was completed. (0x12B)
[0723/124353.611:ERROR:process_memory_win.cc(73)] ReadMemory at 0x18c80d84720 of 512 bytes failed: Only part of a ReadProcessMemory or WriteProcessMemory request was completed. (0x12B)
[0723/124353.611:ERROR:process_memory_win.cc(73)] ReadMemory at 0x18c80d89c60 of 512 bytes failed: Only part of a ReadProcessMemory or WriteProcessMemory request was completed. (0x12B)
[0723/124353.611:ERROR:process_memory_win.cc(73)] ReadMemory at 0x18c80db3d90 of 512 bytes failed: Only part of a ReadProcessMemory or WriteProcessMemory request was completed. (0x12B)
[0723/124353.611:ERROR:process_memory_win.cc(73)] ReadMemory at 0x18c80dc2d50 of 512 bytes failed: Only part of a ReadProcessMemory or WriteProcessMemory request was completed. (0x12B)
[0723/124353.611:ERROR:process_memory_win.cc(73)] ReadMemory at 0x18c8290ab20 of 512 bytes failed: Only part of a ReadProcessMemory or WriteProcessMemory request was completed. (0x12B)
[0723/124353.612:ERROR:process_memory_win.cc(73)] ReadMemory at 0x18c82d1bb90 of 512 bytes failed: Only part of a ReadProcessMemory or WriteProcessMemory request was completed. (0x12B)
[0723/124353.612:ERROR:process_memory_win.cc(73)] ReadMemory at 0x18c82dc4e10 of 512 bytes failed: Only part of a ReadProcessMemory or WriteProcessMemory request was completed. (0x12B)
[0723/124353.612:ERROR:process_memory_win.cc(73)] ReadMemory at 0x1339fea89fc8 of 512 bytes failed: Only part of a ReadProcessMemory or WriteProcessMemory request was completed. (0x12B)
[0723/124353.612:ERROR:process_memory_win.cc(73)] ReadMemory at 0x7ff8ce508fa0 of 512 bytes failed: Only part of a ReadProcessMemory or WriteProcessMemory request was completed. (0x12B)
[0723/124353.612:ERROR:process_memory_win.cc(73)] ReadMemory at 0x7ff8ce87701c of 512 bytes failed: Only part of a ReadProcessMemory or WriteProcessMemory request was completed. (0x12B)
[0723/124353.612:ERROR:process_memory_win.cc(73)] ReadMemory at 0x7ff8cee0968c of 512 bytes failed: Only part of a ReadProcessMemory or WriteProcessMemory request was completed. (0x12B)
[0723/124353.612:ERROR:process_memory_win.cc(73)] ReadMemory at 0x7ff8cfdae4f1 of 512 bytes failed: Only part of a ReadProcessMemory or WriteProcessMemory request was completed. (0x12B)
[0723/124353.614:ERROR:file_io_win.cc(161)] CreateFile C:\Users\PANKAJ~1\AppData\Local\Temp\scoped_dir20196_2104135079\Crashpad\settings.dat: The system cannot find the file specified. (0x2)
[0723/124353.614:ERROR:scoped_process_suspend.cc(40)] NtResumeProcess: An attempt was made to access an exiting process. (0xc000010a)
